[1] "runnning"
[1] "runnning"
[1] "both"
[1] 40
[1] 100
[1] 0.4
[1] 0.6
Number of CPU cores in R: 10
sessions
0
subjects
0
sessions
0
subjects
0
sessions
0
subjects
0
sessions
0
subjects
0
sessions
0
subjects
0
sessions
0
subjects
0
sessions
0
subjects
0
sessions
0
subjects
0
sessions
0
subjects
0
sessions
0
subjects
0
subjects
1
subjects
1
subjects
1
subjects
1
subjects
1
subjects
1
subjects
1
subjects
1
subjects
1
subjects
1
subjects
2
subjects
2
subjects
2
subjects
2
subjects
2
subjects
2
subjects
2
subjects
2
subjects
2
subjects
2
subjects
3
subjects
3
subjects
3
subjects
3
subjects
3
subjects
3
subjects
3
subjects
3
subjects
3
subjects
3
subjects
4
subjects
4
subjects
4
subjects
4
subjects
4
subjects
4
subjects
4
subjects
4
subjects
4
subjects
4
subjects
5
subjects
5
subjects
5
subjects
5
subjects
5
subjects
5
subjects
5
subjects
5
subjects
5
subjects
5
subjects
6
subjects
6
subjects
6
subjects
6
subjects
6
subjects
6
subjects
6
subjects
7
subjects
6
subjects
6
subjects
7
subjects
6
subjects
7
subjects
7
subjects
7
subjects
7
subjects
7
subjects
8
subjects
8
subjects
7
subjects
7
subjects
7
subjects
8
subjects
8
subjects
8
subjects
8
subjects
9
subjects
8
subjects
9
subjects
8
subjects
8
subjects
8
subjects
9
subjects
9
subjects
9
subjects
9
subjects
10
subjects
10
subjects
9
subjects
9
subjects
9
subjects
10
subjects
9
subjects
10
subjects
10
subjects
10
subjects
11
subjects
11
subjects
10
subjects
10
subjects
11
subjects
10
subjects
11
subjects
11
subjects
10
subjects
11
subjects
12
subjects
12
subjects
11
subjects
11
subjects
12
subjects
11
subjects
12
subjects
12
subjects
11
subjects
13
subjects
12
subjects
13
subjects
12
subjects
12
subjects
13
subjects
12
subjects
14
subjects
13
subjects
13
subjects
14
subjects
13
subjects
12
subjects
13
subjects
13
subjects
15
subjects
13
subjects
15
subjects
14
subjects
14
subjects
14
subjects
14
subjects
13
subjects
14
subjects
14
subjects
16
subjects
16
subjects
14
subjects
15
subjects
15
subjects
15
subjects
15
subjects
14
subjects
15
subjects
15
subjects
17
subjects
17
subjects
15
subjects
16
subjects
16
subjects
16
subjects
16
subjects
15
subjects
18
subjects
16
subjects
16
subjects
18
subjects
16
subjects
17
subjects
17
subjects
17
subjects
17
subjects
19
subjects
19
subjects
17
subjects
17
subjects
16
subjects
17
subjects
18
subjects
18
subjects
18
subjects
18
subjects
20
subjects
20
subjects
18
subjects
18
subjects
17
subjects
18
subjects
19
subjects
19
subjects
19
subjects
19
subjects
21
subjects
21
subjects
19
subjects
19
subjects
18
subjects
19
subjects
20
subjects
20
subjects
20
subjects
20
subjects
22
subjects
22
subjects
20
subjects
20
subjects
19
subjects
20
subjects
23
subjects
21
subjects
21
subjects
21
subjects
21
subjects
23
subjects
21
subjects
21
subjects
20
subjects
24
subjects
22
subjects
21
subjects
24
subjects
22
subjects
22
subjects
22
subjects
22
subjects
22
subjects
25
subjects
21
subjects
25
subjects
23
subjects
23
subjects
22
subjects
23
subjects
23
subjects
23
subjects
23
subjects
24
subjects
26
subjects
23
subjects
24
subjects
22
subjects
24
subjects
26
subjects
24
subjects
24
subjects
24
subjects
25
subjects
27
subjects
24
subjects
23
subjects
25
subjects
25
subjects
25
subjects
27
subjects
25
subjects
26
subjects
25
subjects
28
subjects
25
subjects
26
subjects
26
subjects
26
subjects
24
subjects
26
subjects
27
subjects
28
subjects
26
subjects
29
subjects
26
subjects
27
subjects
27
subjects
27
subjects
28
subjects
25
subjects
27
subjects
27
subjects
29
subjects
30
subjects
27
subjects
28
subjects
28
subjects
28
subjects
29
subjects
28
subjects
28
subjects
26
subjects
30
subjects
28
subjects
29
subjects
31
subjects
29
subjects
29
subjects
30
subjects
29
subjects
29
subjects
27
subjects
29
subjects
31
subjects
30
subjects
30
subjects
30
subjects
32
subjects
31
subjects
30
subjects
30
subjects
28
subjects
31
subjects
31
subjects
30
subjects
31
subjects
31
subjects
32
subjects
32
subjects
33
subjects
31
subjects
29
subjects
32
subjects
32
subjects
32
subjects
32
subjects
31
subjects
33
